<?xml version="1.0" encoding="UTF-8"?>
<!-- Generated by org.testng.reporters.JUnitXMLReporter -->
<testsuite ignored="3" hostname="IN-1YD1BK3" failures="1" tests="2" name="/Users/vn5485h/Downloads/RunnerTestSuite" time="265.757" errors="0" timestamp="2022-10-06T18:14:44 IST">
  <testcase classname="com.zee.backend.TestWebPageSpeed" name="test04_ValidatePageSpeedOfCrawlerMenus" time="258.133">
    <failure type="java.lang.AssertionError" message="The following asserts failed:
	Validated, The Core Vitals Assessment has been passed or failed. expected [Passed] but found [Failed]">
      <![CDATA[java.lang.AssertionError: The following asserts failed:
Validated, The Core Vitals Assessment has been passed or failed. expected [Passed] but found [Failed]
at com.zee.backend.TestWebPageSpeed.test04_ValidatePageSpeedOfCrawlerMenus(TestWebPageSpeed.java:167)
at java.base/java.util.ArrayList.forEach(ArrayList.java:1540)
... Removed 29 stack frames]]>
    </failure>
  </testcase> <!-- test04_ValidatePageSpeedOfCrawlerMenus -->
  <testcase classname="com.zee.backend.TestWebPageSpeed" name="writeDataInExcel" time="0.409"/>
  <testcase classname="com.zee.backend.TestWebPageSpeed" name="test03_ValidatePageSpeedOfPhotosForWeb" time="0.0">
    <ignored/>
  </testcase> <!-- test03_ValidatePageSpeedOfPhotosForWeb -->
  <testcase classname="com.zee.backend.TestWebPageSpeed" name="test01_ValidatePageSpeedOfArticleForWeb" time="0.0">
    <ignored/>
  </testcase> <!-- test01_ValidatePageSpeedOfArticleForWeb -->
  <testcase classname="com.zee.backend.TestWebPageSpeed" name="test02_ValidatePageSpeedOfVideoForWeb" time="0.0">
    <ignored/>
  </testcase> <!-- test02_ValidatePageSpeedOfVideoForWeb -->
</testsuite> <!-- /Users/vn5485h/Downloads/RunnerTestSuite -->
